<?xml version="1.0" encoding="UTF-8"?>
<!-- Generated by org.testng.reporters.JUnitReportReporter -->
<testsuite skipped="0" hostname="DESKTOP-QQUJ7MA" name="com.jbk.test.checkHeaders" tests="1" failures="0" timestamp="2020-10-12T18:19:15 IST" time="17.037" errors="0">
  <testcase name="headers" time="17.037" classname="com.jbk.test.checkHeaders"/>
  <system-out/>
</testsuite> <!-- com.jbk.test.checkHeaders -->
