<?xml version="1.0" encoding="UTF-8"?>
<!-- Generated by org.testng.reporters.JUnitReportReporter -->
<testsuite skipped="0" hostname="DESKTOP-QQUJ7MA" name="com.jbk.test.VerifyData" tests="1" failures="0" timestamp="2020-10-13T08:46:18 IST" time="15.942" errors="0">
  <testcase name="VerifyRowData" time="15.942" classname="com.jbk.test.VerifyData"/>
  <system-out/>
</testsuite> <!-- com.jbk.test.VerifyData -->
