<?xml version="1.0" encoding="UTF-8"?>
<!-- Generated by org.testng.reporters.JUnitReportReporter -->
<testsuite skipped="0" hostname="DESKTOP-QQUJ7MA" name="com.jbk.test.VerifyColData" tests="1" failures="0" timestamp="2020-10-13T08:18:01 IST" time="9.716" errors="0">
  <testcase name="VerifyRowData" time="9.716" classname="com.jbk.test.VerifyColData"/>
  <system-out/>
</testsuite> <!-- com.jbk.test.VerifyColData -->
