<?xml version="1.0" encoding="UTF-8"?>
<!-- Generated by org.testng.reporters.JUnitReportReporter -->
<testsuite skipped="0" hostname="DESKTOP-QQUJ7MA" name="DemoUser" tests="1" failures="0" timestamp="2020-10-12T11:04:41 IST" time="11.048" errors="0">
  <testcase name="checkheaders" time="11.048" classname="DemoUser"/>
  <system-out/>
</testsuite> <!-- DemoUser -->
