<?xml version="1.0" encoding="UTF-8"?>
<!-- Generated by org.testng.reporters.JUnitReportReporter -->
<testsuite skipped="0" hostname="DESKTOP-QQUJ7MA" name="com.jbk.loginTest" tests="1" failures="0" timestamp="2020-10-23T07:31:29 IST" time="28.135" errors="0">
  <testcase name="test" time="28.135" classname="com.jbk.loginTest"/>
  <system-out/>
</testsuite> <!-- com.jbk.loginTest -->
